Performing C SOURCE FILE Test CMAKE_HAVE_LIBC_PTHREAD failed with the following output:
Change Dir: /mnt/c/users/ingyu/documents/gitlab/데이터베이스시스템및응용/project2/db_project/build/CMakeFiles/CMakeTmp

Run Build Command(s):/usr/bin/make -f Makefile cmTC_d50b0/fast && /usr/bin/make  -f CMakeFiles/cmTC_d50b0.dir/build.make CMakeFiles/cmTC_d50b0.dir/build
make[1]: Entering directory '/mnt/c/users/ingyu/documents/gitlab/데이터베이스시스템및응용/project2/db_project/build/CMakeFiles/CMakeTmp'
Building C object CMakeFiles/cmTC_d50b0.dir/src.c.o
/usr/bin/cc -DCMAKE_HAVE_LIBC_PTHREAD   -o CMakeFiles/cmTC_d50b0.dir/src.c.o -c /mnt/c/users/ingyu/documents/gitlab/데이터베이스시스템및응용/project2/db_project/build/CMakeFiles/CMakeTmp/src.c
Linking C executable cmTC_d50b0
/usr/local/bin/cmake -E cmake_link_script CMakeFiles/cmTC_d50b0.dir/link.txt --verbose=1
/usr/bin/cc CMakeFiles/cmTC_d50b0.dir/src.c.o -o cmTC_d50b0 
/usr/bin/ld: CMakeFiles/cmTC_d50b0.dir/src.c.o: in function `main':
src.c:(.text+0x46): undefined reference to `pthread_create'
/usr/bin/ld: src.c:(.text+0x52): undefined reference to `pthread_detach'
/usr/bin/ld: src.c:(.text+0x5e): undefined reference to `pthread_cancel'
/usr/bin/ld: src.c:(.text+0x6f): undefined reference to `pthread_join'
collect2: error: ld returned 1 exit status
make[1]: *** [CMakeFiles/cmTC_d50b0.dir/build.make:99: cmTC_d50b0] Error 1
make[1]: Leaving directory '/mnt/c/users/ingyu/documents/gitlab/데이터베이스시스템및응용/project2/db_project/build/CMakeFiles/CMakeTmp'
make: *** [Makefile:127: cmTC_d50b0/fast] Error 2


Source file was:
#include <pthread.h>

static void* test_func(void* data)
{
  return data;
}

int main(void)
{
  pthread_t thread;
  pthread_create(&thread, NULL, test_func, NULL);
  pthread_detach(thread);
  pthread_cancel(thread);
  pthread_join(thread, NULL);
  pthread_atfork(NULL, NULL, NULL);
  pthread_exit(NULL);

  return 0;
}

Determining if the function pthread_create exists in the pthreads failed with the following output:
Change Dir: /mnt/c/users/ingyu/documents/gitlab/데이터베이스시스템및응용/project2/db_project/build/CMakeFiles/CMakeTmp

Run Build Command(s):/usr/bin/make -f Makefile cmTC_d129e/fast && /usr/bin/make  -f CMakeFiles/cmTC_d129e.dir/build.make CMakeFiles/cmTC_d129e.dir/build
make[1]: Entering directory '/mnt/c/users/ingyu/documents/gitlab/데이터베이스시스템및응용/project2/db_project/build/CMakeFiles/CMakeTmp'
Building C object CMakeFiles/cmTC_d129e.dir/CheckFunctionExists.c.o
/usr/bin/cc   -DCHECK_FUNCTION_EXISTS=pthread_create -o CMakeFiles/cmTC_d129e.dir/CheckFunctionExists.c.o -c /usr/local/share/cmake-3.21/Modules/CheckFunctionExists.c
Linking C executable cmTC_d129e
/usr/local/bin/cmake -E cmake_link_script CMakeFiles/cmTC_d129e.dir/link.txt --verbose=1
/usr/bin/cc  -DCHECK_FUNCTION_EXISTS=pthread_create CMakeFiles/cmTC_d129e.dir/CheckFunctionExists.c.o -o cmTC_d129e  -lpthreads 
/usr/bin/ld: cannot find -lpthreads
collect2: error: ld returned 1 exit status
make[1]: *** [CMakeFiles/cmTC_d129e.dir/build.make:99: cmTC_d129e] Error 1
make[1]: Leaving directory '/mnt/c/users/ingyu/documents/gitlab/데이터베이스시스템및응용/project2/db_project/build/CMakeFiles/CMakeTmp'
make: *** [Makefile:127: cmTC_d129e/fast] Error 2



